u:\ultima vi online\source\vc-files\debug\client\vc143.pdb
u:\ultima vi online\source\vc-files\debug\client\vc143.idb
u:\ultima vi online\source\vc-files\debug\client\data_both.obj
u:\ultima vi online\source\vc-files\debug\client\data_client.obj
u:\ultima vi online\source\vc-files\debug\client\dmusic.obj
u:\ultima vi online\source\vc-files\debug\client\frame.obj
u:\ultima vi online\source\vc-files\debug\client\function_both.obj
u:\ultima vi online\source\vc-files\debug\client\function_client.obj
u:\ultima vi online\source\vc-files\debug\client\myddraw.obj
u:\ultima vi online\source\vc-files\debug\client\myfile.obj
u:\ultima vi online\source\vc-files\debug\client\randi.obj
u:\ultima vi online\source\vc-files\debug\client\random.obj
u:\ultima vi online\source\vc-files\debug\client\sound.obj
u:\ultima vi online\source\vc-files\debug\client\stdafx.obj
u:\ultima vi online\source\vc-files\debug\client\txt.obj
u:\ultima vi online\source\vc-files\debug\client\u6o7.obj
u:\ultima vi online\source\vc-files\debug\client\xenkan.obj
u:\ultima vi online\source\vc-files\debug\client\client.exe
u:\ultima vi online\source\vc-files\debug\client\client.pdb
u:\ultima vi online\source\vc-files\debug\client\u6o7.res
u:\ultima vi online\source\vc-files\debug\client\client.tlog\cl.command.1.tlog
u:\ultima vi online\source\vc-files\debug\client\client.tlog\cl.items.tlog
u:\ultima vi online\source\vc-files\debug\client\client.tlog\cl.read.1.tlog
u:\ultima vi online\source\vc-files\debug\client\client.tlog\cl.write.1.tlog
u:\ultima vi online\source\vc-files\debug\client\client.tlog\link.command.1.tlog
u:\ultima vi online\source\vc-files\debug\client\client.tlog\link.read.1.tlog
u:\ultima vi online\source\vc-files\debug\client\client.tlog\link.secondary.1.tlog
u:\ultima vi online\source\vc-files\debug\client\client.tlog\link.write.1.tlog
u:\ultima vi online\source\vc-files\debug\client\client.tlog\rc.command.1.tlog
u:\ultima vi online\source\vc-files\debug\client\client.tlog\rc.read.1.tlog
u:\ultima vi online\source\vc-files\debug\client\client.tlog\rc.write.1.tlog
