u:\ultima vi online\source\vc-files\debug\host\vc143.pdb
u:\ultima vi online\source\vc-files\debug\host\vc143.idb
u:\ultima vi online\source\vc-files\debug\host\data_both.obj
u:\ultima vi online\source\vc-files\debug\host\data_host.obj
u:\ultima vi online\source\vc-files\debug\host\dmusic.obj
u:\ultima vi online\source\vc-files\debug\host\frame.obj
u:\ultima vi online\source\vc-files\debug\host\function_both.obj
u:\ultima vi online\source\vc-files\debug\host\function_host.obj
u:\ultima vi online\source\vc-files\debug\host\house.obj
u:\ultima vi online\source\vc-files\debug\host\myddraw.obj
u:\ultima vi online\source\vc-files\debug\host\myfile.obj
u:\ultima vi online\source\vc-files\debug\host\randi.obj
u:\ultima vi online\source\vc-files\debug\host\random.obj
u:\ultima vi online\source\vc-files\debug\host\spell_code.obj
u:\ultima vi online\source\vc-files\debug\host\stdafx.obj
u:\ultima vi online\source\vc-files\debug\host\txt.obj
u:\ultima vi online\source\vc-files\debug\host\u6o7.obj
u:\ultima vi online\source\vc-files\debug\host\use_code.obj
u:\ultima vi online\source\vc-files\debug\host\xenkan.obj
u:\ultima vi online\source\vc-files\debug\host\host.exe
u:\ultima vi online\source\vc-files\debug\host\host.pdb
u:\ultima vi online\source\vc-files\debug\host\u6o7.res
u:\ultima vi online\source\vc-files\debug\host\host.tlog\cl.command.1.tlog
u:\ultima vi online\source\vc-files\debug\host\host.tlog\cl.items.tlog
u:\ultima vi online\source\vc-files\debug\host\host.tlog\cl.read.1.tlog
u:\ultima vi online\source\vc-files\debug\host\host.tlog\cl.write.1.tlog
u:\ultima vi online\source\vc-files\debug\host\host.tlog\link.command.1.tlog
u:\ultima vi online\source\vc-files\debug\host\host.tlog\link.read.1.tlog
u:\ultima vi online\source\vc-files\debug\host\host.tlog\link.secondary.1.tlog
u:\ultima vi online\source\vc-files\debug\host\host.tlog\link.write.1.tlog
u:\ultima vi online\source\vc-files\debug\host\host.tlog\rc.command.1.tlog
u:\ultima vi online\source\vc-files\debug\host\host.tlog\rc.read.1.tlog
u:\ultima vi online\source\vc-files\debug\host\host.tlog\rc.write.1.tlog
