Build started 2/28/2021 7:13:54 AM.
     1>Project "C:\New\c source\VC-files\u6oh.vcxproj" on node 3 (Build target(s)).
     1>ClCompile:
         C:\Program Files (x86)\Microsoft Visual Studio 14.0\VC\bin\CL.exe /c /I..\include /Zi /nologo /W3 /WX- /O2 /Ob2 /Oi /Ot /Oy- /D WIN32 /D NDEBUG /D _WINDOWS /D HOST /D CONSOLE /Gm- /EHsc /MD /GS /fp:precise /Zc:wchar_t /Zc:forScope /Zc:inline /Fo"ReleaseInter\u6oh\\" /Fd"ReleaseInter\u6oh\vc140.pdb" /Gd /TP /analyze- /errorReport:prompt ..\data_both.cpp ..\data_host.cpp ..\dmusic.cpp ..\frame.cpp ..\function_both.cpp ..\function_host.cpp ..\house.cpp ..\myddraw.cpp ..\myfile.cpp ..\random\randi.cpp ..\random\random.cpp ..\spell_code\spell_code.cpp ..\stdafx.cpp ..\txt.cpp ..\u6o7.cpp ..\use_code\use_code.cpp ..\Xenkan.cpp
         data_both.cpp
         data_host.cpp
         dmusic.cpp
         frame.cpp
         function_both.cpp
     1>..\function_both.cpp(61): warning C4996: '_snprintf': This function or variable may be unsafe. Consider using _snprintf_s instead. To disable deprecation, use _CRT_SECURE_NO_WARNINGS. See online help for details.
         C:\Program Files (x86)\Windows Kits\10\Include\10.0.10150.0\ucrt\stdio.h(1952): note: see declaration of '_snprintf'
     1>..\function_both.cpp(258): warning C4244: '=': conversion from 'long' to 'unsigned short', possible loss of data
     1>..\function_both.cpp(272): warning C4018: '<': signed/unsigned mismatch
     1>..\function_both.cpp(377): warning C4244: 'argument': conversion from 'long' to 'unsigned char', possible loss of data
     1>..\function_both.cpp(380): warning C4244: 'argument': conversion from 'long' to 'unsigned char', possible loss of data
     1>..\function_both.cpp(383): warning C4244: 'argument': conversion from 'long' to 'unsigned char', possible loss of data
     1>..\function_both.cpp(386): warning C4244: 'argument': conversion from 'long' to 'unsigned char', possible loss of data
         function_host.cpp
         house.cpp
     1>c:\new\c source\map_patches/castlerooms.txt(110): warning C4244: '=': conversion from 'float' to 'long', possible loss of data
     1>c:\new\c source\map_patches/castlerooms.txt(173): warning C4244: '=': conversion from 'float' to 'long', possible loss of data
     1>c:\new\c source\map_patches/castlehousetiles.txt(349): warning C4244: '=': conversion from 'float' to 'long', possible loss of data
     1>c:\new\c source\map_patches/castlehousetiles.txt(378): warning C4244: '=': conversion from 'float' to 'long', possible loss of data
     1>c:\new\c source\map_patches/castlehousetiles.txt(407): warning C4244: '=': conversion from 'float' to 'long', possible loss of data
     1>c:\new\c source\map_patches/castlehousetiles.txt(440): warning C4244: '=': conversion from 'float' to 'long', possible loss of data
     1>c:\new\c source\map_patches/castlehousetiles.txt(489): warning C4244: '=': conversion from 'float' to 'long', possible loss of data
     1>c:\new\c source\map_patches/castlehousetiles.txt(548): warning C4244: '=': conversion from 'float' to 'long', possible loss of data
     1>c:\new\c source\map_patches/castlehousetiles.txt(706): warning C4244: '=': conversion from 'float' to 'long', possible loss of data
     1>c:\new\c source\map_patches/castlehousetiles.txt(727): warning C4244: '=': conversion from 'float' to 'long', possible loss of data
     1>c:\new\c source\map_patches/castlehousetiles.txt(764): warning C4244: '=': conversion from 'float' to 'long', possible loss of data
     1>c:\new\c source\map_patches/castlehousetiles.txt(829): warning C4244: '=': conversion from 'float' to 'long', possible loss of data
     1>c:\new\c source\map_patches/castlehousetiles.txt(850): warning C4244: '=': conversion from 'float' to 'long', possible loss of data
     1>c:\new\c source\map_patches/castlehousetiles.txt(871): warning C4244: '=': conversion from 'float' to 'long', possible loss of data
     1>c:\new\c source\map_patches/castlehousetiles.txt(1068): warning C4244: '=': conversion from 'float' to 'long', possible loss of data
     1>c:\new\c source\map_patches/castlehousetiles.txt(1079): warning C4244: '=': conversion from 'float' to 'long', possible loss of data
     1>..\house.cpp(120): warning C4018: '>': signed/unsigned mismatch
     1>..\house.cpp(74): warning C4101: 'houseid': unreferenced local variable
     1>..\house.cpp(75): warning C4101: 'arenaid': unreferenced local variable
     1>..\house.cpp(657): warning C4101: 'lefttile': unreferenced local variable
     1>..\house.cpp(657): warning C4101: 'righttile': unreferenced local variable
     1>..\house.cpp(1071): warning C4101: 'begintile': unreferenced local variable
     1>..\house.cpp(1072): warning C4101: 'i': unreferenced local variable
     1>..\house.cpp(1071): warning C4101: 'endtile': unreferenced local variable
     1>..\house.cpp(1147): warning C4101: 'hi': unreferenced local variable
         myddraw.cpp
         myfile.cpp
         randi.cpp
         random.cpp
         spell_code.cpp
         stdafx.cpp
         txt.cpp
     1>..\txt.cpp(246): warning C4305: '*=': truncation from 'double' to 'float'
     1>..\txt.cpp(253): warning C4305: '=': truncation from 'double' to 'float'
     1>..\txt.cpp(275): warning C4996: '_snprintf': This function or variable may be unsafe. Consider using _snprintf_s instead. To disable deprecation, use _CRT_SECURE_NO_WARNINGS. See online help for details.
         C:\Program Files (x86)\Windows Kits\10\Include\10.0.10150.0\ucrt\stdio.h(1952): note: see declaration of '_snprintf'
     1>..\txt.cpp(281): warning C4996: '_snprintf': This function or variable may be unsafe. Consider using _snprintf_s instead. To disable deprecation, use _CRT_SECURE_NO_WARNINGS. See online help for details.
         C:\Program Files (x86)\Windows Kits\10\Include\10.0.10150.0\ucrt\stdio.h(1952): note: see declaration of '_snprintf'
     1>..\txt.cpp(287): warning C4996: '_snprintf': This function or variable may be unsafe. Consider using _snprintf_s instead. To disable deprecation, use _CRT_SECURE_NO_WARNINGS. See online help for details.
         C:\Program Files (x86)\Windows Kits\10\Include\10.0.10150.0\ucrt\stdio.h(1952): note: see declaration of '_snprintf'
         u6o7.cpp
         use_code.cpp
         Xenkan.cpp
         Generating Code...
       ResourceCompile:
         C:\Program Files (x86)\Windows Kits\8.1\bin\x86\rc.exe /l"0x0409" /nologo /fo"ReleaseInter\u6oh\u6o7.res" ..\u6o7.rc 
       Link:
         C:\Program Files (x86)\Microsoft Visual Studio 14.0\VC\bin\link.exe /ERRORREPORT:PROMPT /OUT:"C:\New\c source\VC-files\Release\u6oh.exe" /INCREMENTAL:NO /NOLOGO /LIBPATH:..\lib mylib.lib wininet.lib dxguid.lib fdv_dmvr.lib ws2_32.lib winmm.lib user32.lib kernel32.lib gdi32.lib winspool.lib comdlg32.lib advapi32.lib shell32.lib ole32.lib oleaut32.lib uuid.lib odbc32.lib odbccp32.lib vfw32.lib dplay.lib dplayx.lib ddraw.lib dsound.lib kernel32.lib user32.lib gdi32.lib winspool.lib comdlg32.lib advapi32.lib shell32.lib ole32.lib oleaut32.lib uuid.lib odbc32.lib odbccp32.lib /MANIFEST /MANIFESTUAC:"level='asInvoker' uiAccess='false'" /manifest:embed /Debug /PDB:"C:\New\c source\VC-files\Release\u6oh.pdb" /SUBSYSTEM:WINDOWS /OPT:REF /OPT:ICF /LTCG:incremental /TLBID:1 /DYNAMICBASE /NXCOMPAT /IMPLIB:"C:\New\c source\VC-files\Release\u6oh.lib" /MACHINE:X86 /SAFESEH ReleaseInter\u6oh\u6o7.res
         ReleaseInter\u6oh\data_both.obj
         ReleaseInter\u6oh\data_host.obj
         ReleaseInter\u6oh\dmusic.obj
         ReleaseInter\u6oh\frame.obj
         ReleaseInter\u6oh\function_both.obj
         ReleaseInter\u6oh\function_host.obj
         ReleaseInter\u6oh\house.obj
         ReleaseInter\u6oh\myddraw.obj
         ReleaseInter\u6oh\myfile.obj
         ReleaseInter\u6oh\randi.obj
         ReleaseInter\u6oh\random.obj
         ReleaseInter\u6oh\spell_code.obj
         ReleaseInter\u6oh\stdafx.obj
         ReleaseInter\u6oh\txt.obj
         ReleaseInter\u6oh\u6o7.obj
         ReleaseInter\u6oh\use_code.obj
         ReleaseInter\u6oh\Xenkan.obj
         LINK : /LTCG specified but no code generation required; remove /LTCG from the link command line to improve linker performance
         u6oh.vcxproj -> C:\New\c source\VC-files\Release\u6oh.exe
     1>Done Building Project "C:\New\c source\VC-files\u6oh.vcxproj" (Build target(s)).

Build succeeded.

Time Elapsed 00:00:44.29
